<?xml version="1.0" encoding="UTF-8"?>
<!-- Generated by org.testng.reporters.JUnitReportReporter -->
<testsuite skipped="0" hostname="LAPTOP-FI3H6DUE" name="org.flipkart.main.Flipkart" tests="4" failures="0" timestamp="20 Apr 2022 11:51:05 GMT" time="11.415" errors="0">
  <testcase name="Test2" time="2.162" classname="org.flipkart.main.Flipkart"/>
  <testcase name="Test3" time="0.640" classname="org.flipkart.main.Flipkart"/>
  <testcase name="test4" time="0.322" classname="org.flipkart.main.Flipkart"/>
  <testcase name="Test1" time="8.291" classname="org.flipkart.main.Flipkart"/>
</testsuite> <!-- org.flipkart.main.Flipkart -->
